<?xml version="1.0" encoding="UTF-8"?>
<testsuite name="Search flights" tests="1" skipped="0" failures="0" errors="0" timestamp="2020-07-24T15:39:41" hostname="Sharayus-MacBook-Pro.local" time="23.137">
  <properties/>
  <testcase name="To search flight from Pune to Chennai #1" classname="Search flights" time="23.137"/>
  <system-out><![CDATA[Departue City verified
Arrival City verified
Flight listings Verified
]]></system-out>
  <system-err><![CDATA[Starting ChromeDriver 83.0.4103.39 (ccbf011cb2d2b19b506d844400483861342c20cd-refs/branch-heads/4103@{#416}) on port 20944
Only local connections are allowed.
Please see https://chromedriver.chromium.org/security-considerations for suggestions on keeping ChromeDriver safe.
ChromeDriver was started successfully.
[1595605186.412][WARNING]: This version of ChromeDriver has not been tested with Chrome version 84.
Jul 24, 2020 9:09:46 PM org.openqa.selenium.remote.ProtocolHandshake createSession
INFO: Detected dialect: W3C
]]></system-err>
</testsuite>
