<?xml version="1.0" encoding="UTF-8"?>
<testsuite name="searchFlight" tests="1" skipped="0" failures="0" errors="0" timestamp="2020-07-19T11:54:40" hostname="Sharayus-MacBook-Pro.local" time="20.953">
  <properties/>
  <testcase name="To search flight from Pune to Chennai" classname="searchFlight" time="20.953"/>
  <system-out><![CDATA[
@flight
Scenario: To search flight from Pune to Chennai ?[90m# src/test/java/features/searchFlight.feature:12?[0m
  ?[32mGiven ?[0m?[32mI'am on cleartrip search flight page?[0m    ?[90m# stepDef.SearchFlight.iAmOnCleartripSearchFlightPage()?[0m
  ?[32mWhen ?[0m?[32mI enter details and search flights?[0m       ?[90m# stepDef.SearchFlight.iEnterDetailsAndSearchFlights(io.cucumber.datatable.DataTable)?[0m
  ?[32mThen ?[0m?[32mI should see flight options?[0m              ?[90m# stepDef.SearchFlight.iShouldSeeFlightOptions()?[0m
]]></system-out>
  <system-err><![CDATA[Starting ChromeDriver 83.0.4103.39 (ccbf011cb2d2b19b506d844400483861342c20cd-refs/branch-heads/4103@{#416}) on port 36266
Only local connections are allowed.
Please see https://chromedriver.chromium.org/security-considerations for suggestions on keeping ChromeDriver safe.
ChromeDriver was started successfully.
[1595159682.668][WARNING]: This version of ChromeDriver has not been tested with Chrome version 84.
Jul 19, 2020 5:24:42 PM org.openqa.selenium.remote.ProtocolHandshake createSession
INFO: Detected dialect: W3C
]]></system-err>
</testsuite>
